<?xml version="1.0" encoding="UTF-8"?>
<testng-results ignored="0" total="1" passed="1" failed="0" skipped="0">
  <reporter-output>
  </reporter-output>
  <suite started-at="2024-05-13T22:56:45 IST" name="Surefire suite" finished-at="2024-05-13T22:56:59 IST" duration-ms="13994">
    <groups>
      <group name="cucumber">
        <method signature="AbstractTestNGCucumberTests.runScenario(io.cucumber.testng.PickleWrapper,io.cucumber.testng.FeatureWrapper)[pri:0, instance:cucumber.Options.TestNGFailedTestRunner$TestNGRunner@21de60b4]" name="runScenario" class="io.cucumber.testng.AbstractTestNGCucumberTests"/>
        <method signature="AbstractTestNGCucumberTests.runScenario(io.cucumber.testng.PickleWrapper,io.cucumber.testng.FeatureWrapper)[pri:0, instance:cucumber.Options.TestNGRunner@1ddf84b8]" name="runScenario" class="io.cucumber.testng.AbstractTestNGCucumberTests"/>
      </group> <!-- cucumber -->
    </groups>
    <test started-at="2024-05-13T22:56:45 IST" name="Surefire test" finished-at="2024-05-13T22:56:59 IST" duration-ms="13994">
      <class name="cucumber.Options.TestNGFailedTestRunner$TestNGRunner">
        <test-method is-config="true" signature="setUpClass(org.testng.ITestContext)[pri:0, instance:cucumber.Options.TestNGFailedTestRunner$TestNGRunner@21de60b4]" started-at="2024-05-13T22:56:45 IST" name="setUpClass" finished-at="2024-05-13T22:56:46 IST" duration-ms="704" status="PASS">
          <params>
            <param index="0">
              <value>
                <![CDATA[org.testng.TestRunner@834831b]]>
              </value>
            </param>
          </params>
          <reporter-output>
          </reporter-output>
        </test-method> <!-- setUpClass -->
        <test-method is-config="true" signature="tearDownClass()[pri:0, instance:cucumber.Options.TestNGFailedTestRunner$TestNGRunner@21de60b4]" started-at="2024-05-13T22:56:46 IST" name="tearDownClass" finished-at="2024-05-13T22:56:46 IST" duration-ms="310" status="PASS">
          <reporter-output>
          </reporter-output>
        </test-method> <!-- tearDownClass -->
      </class> <!-- cucumber.Options.TestNGFailedTestRunner$TestNGRunner -->
      <class name="cucumber.Options.TestNGRunner">
        <test-method is-config="true" signature="setUpClass(org.testng.ITestContext)[pri:0, instance:cucumber.Options.TestNGRunner@1ddf84b8]" started-at="2024-05-13T22:56:46 IST" name="setUpClass" finished-at="2024-05-13T22:56:47 IST" duration-ms="129" status="PASS">
          <params>
            <param index="0">
              <value>
                <![CDATA[org.testng.TestRunner@834831b]]>
              </value>
            </param>
          </params>
          <reporter-output>
          </reporter-output>
        </test-method> <!-- setUpClass -->
        <test-method signature="runScenario(io.cucumber.testng.PickleWrapper,io.cucumber.testng.FeatureWrapper)[pri:0, instance:cucumber.Options.TestNGRunner@1ddf84b8]" started-at="2024-05-13T22:56:47 IST" name="runScenario" description="Runs Cucumber Scenarios" data-provider="scenarios" finished-at="2024-05-13T22:56:59 IST" duration-ms="12708" status="PASS">
          <params>
            <param index="0">
              <value>
                <![CDATA["about feature is working or not"]]>
              </value>
            </param>
            <param index="1">
              <value>
                <![CDATA["Login to The Home Page and test HomePage"]]>
              </value>
            </param>
          </params>
          <reporter-output>
          </reporter-output>
        </test-method> <!-- runScenario -->
        <test-method is-config="true" signature="tearDownClass()[pri:0, instance:cucumber.Options.TestNGRunner@1ddf84b8]" started-at="2024-05-13T22:56:59 IST" name="tearDownClass" finished-at="2024-05-13T22:56:59 IST" duration-ms="92" status="PASS">
          <reporter-output>
          </reporter-output>
        </test-method> <!-- tearDownClass -->
      </class> <!-- cucumber.Options.TestNGRunner -->
    </test> <!-- Surefire test -->
  </suite> <!-- Surefire suite -->
</testng-results>
