<?xml version="1.0" encoding="UTF-8"?>
<testng-results ignored="0" total="5" passed="5" failed="0" skipped="0">
  <reporter-output>
  </reporter-output>
  <suite started-at="2024-05-13T22:54:40 IST" name="Default suite" finished-at="2024-05-13T22:55:02 IST" duration-ms="21250">
    <groups>
      <group name="cucumber">
        <method signature="AbstractTestNGCucumberTests.runScenario(io.cucumber.testng.PickleWrapper,io.cucumber.testng.FeatureWrapper)[pri:0, instance:cucumber.Options.TestNGRunner@41a2befb]" name="runScenario" class="io.cucumber.testng.AbstractTestNGCucumberTests"/>
      </group> <!-- cucumber -->
    </groups>
    <test started-at="2024-05-13T22:54:40 IST" name="Default test" finished-at="2024-05-13T22:55:02 IST" duration-ms="21250">
      <class name="cucumber.Options.TestNGRunner">
        <test-method is-config="true" signature="setUpClass(org.testng.ITestContext)[pri:0, instance:cucumber.Options.TestNGRunner@41a2befb]" started-at="2024-05-13T22:54:40 IST" name="setUpClass" finished-at="2024-05-13T22:54:41 IST" duration-ms="915" status="PASS">
          <params>
            <param index="0">
              <value>
                <![CDATA[org.testng.TestRunner@6d9fb2d1]]>
              </value>
            </param>
          </params>
          <reporter-output>
          </reporter-output>
        </test-method> <!-- setUpClass -->
        <test-method signature="runScenario(io.cucumber.testng.PickleWrapper,io.cucumber.testng.FeatureWrapper)[pri:0, instance:cucumber.Options.TestNGRunner@41a2befb]" started-at="2024-05-13T22:54:41 IST" name="runScenario" description="Runs Cucumber Scenarios" data-provider="scenarios" finished-at="2024-05-13T22:54:58 IST" duration-ms="16984" status="PASS">
          <params>
            <param index="0">
              <value>
                <![CDATA["User is able to login to the home page or not"]]>
              </value>
            </param>
            <param index="1">
              <value>
                <![CDATA["Login to The Home Page and test HomePage"]]>
              </value>
            </param>
          </params>
          <reporter-output>
          </reporter-output>
        </test-method> <!-- runScenario -->
        <test-method signature="runScenario(io.cucumber.testng.PickleWrapper,io.cucumber.testng.FeatureWrapper)[pri:0, instance:cucumber.Options.TestNGRunner@41a2befb]" started-at="2024-05-13T22:54:41 IST" name="runScenario" description="Runs Cucumber Scenarios" data-provider="scenarios" finished-at="2024-05-13T22:54:53 IST" duration-ms="12109" status="PASS">
          <params>
            <param index="0">
              <value>
                <![CDATA["User is able to login to the home page or not"]]>
              </value>
            </param>
            <param index="1">
              <value>
                <![CDATA["Login to The Home Page and test HomePage"]]>
              </value>
            </param>
          </params>
          <reporter-output>
          </reporter-output>
        </test-method> <!-- runScenario -->
        <test-method signature="runScenario(io.cucumber.testng.PickleWrapper,io.cucumber.testng.FeatureWrapper)[pri:0, instance:cucumber.Options.TestNGRunner@41a2befb]" started-at="2024-05-13T22:54:41 IST" name="runScenario" description="Runs Cucumber Scenarios" data-provider="scenarios" finished-at="2024-05-13T22:55:01 IST" duration-ms="19894" status="PASS">
          <params>
            <param index="0">
              <value>
                <![CDATA["about feature is working or not"]]>
              </value>
            </param>
            <param index="1">
              <value>
                <![CDATA["Login to The Home Page and test HomePage"]]>
              </value>
            </param>
          </params>
          <reporter-output>
          </reporter-output>
        </test-method> <!-- runScenario -->
        <test-method signature="runScenario(io.cucumber.testng.PickleWrapper,io.cucumber.testng.FeatureWrapper)[pri:0, instance:cucumber.Options.TestNGRunner@41a2befb]" started-at="2024-05-13T22:54:41 IST" name="runScenario" description="Runs Cucumber Scenarios" data-provider="scenarios" finished-at="2024-05-13T22:54:57 IST" duration-ms="15544" status="PASS">
          <params>
            <param index="0">
              <value>
                <![CDATA["User logins into the page and orders the product"]]>
              </value>
            </param>
            <param index="1">
              <value>
                <![CDATA["End to End Testing with order"]]>
              </value>
            </param>
          </params>
          <reporter-output>
          </reporter-output>
        </test-method> <!-- runScenario -->
        <test-method signature="runScenario(io.cucumber.testng.PickleWrapper,io.cucumber.testng.FeatureWrapper)[pri:0, instance:cucumber.Options.TestNGRunner@41a2befb]" started-at="2024-05-13T22:54:41 IST" name="runScenario" description="Runs Cucumber Scenarios" data-provider="scenarios" finished-at="2024-05-13T22:54:54 IST" duration-ms="12292" status="PASS">
          <params>
            <param index="0">
              <value>
                <![CDATA["User is able to login to the home page or not"]]>
              </value>
            </param>
            <param index="1">
              <value>
                <![CDATA["Login to The Home Page and test HomePage"]]>
              </value>
            </param>
          </params>
          <reporter-output>
          </reporter-output>
        </test-method> <!-- runScenario -->
        <test-method is-config="true" signature="tearDownClass()[pri:0, instance:cucumber.Options.TestNGRunner@41a2befb]" started-at="2024-05-13T22:55:01 IST" name="tearDownClass" finished-at="2024-05-13T22:55:02 IST" duration-ms="393" status="PASS">
          <reporter-output>
          </reporter-output>
        </test-method> <!-- tearDownClass -->
      </class> <!-- cucumber.Options.TestNGRunner -->
    </test> <!-- Default test -->
  </suite> <!-- Default suite -->
</testng-results>
